2023-09-04 17:35:02,552 (INFO) - django.utils.autoreload - Watching for file changes with StatReloader
2023-09-04 17:35:47,255 (WARNING) - django.request - Not Found: /favicon.ico
2023-09-04 17:36:06,758 (WARNING) - django.request - Bad Request: /api/upload/en/to/en
2023-09-04 17:37:22,669 (WARNING) - django.request - Bad Request: /api/transcribe/ar/
2023-09-04 17:37:22,671 (WARNING) - django.request - Bad Request: /api/transcribe/ar/
2023-09-04 17:37:22,674 (WARNING) - django.request - Bad Request: /api/transcribe/ar/
2023-09-04 17:37:38,576 (WARNING) - django.request - Bad Request: /api/transcribe/ar/
2023-09-04 17:37:38,578 (WARNING) - django.request - Bad Request: /api/transcribe/ar/
2023-09-04 17:37:38,580 (WARNING) - django.request - Bad Request: /api/transcribe/ar/
2023-09-04 17:37:38,583 (WARNING) - django.request - Bad Request: /api/transcribe/ar/
2023-09-04 17:40:01,393 (WARNING) - django.request - Bad Request: /api/transcribe/it/
2023-09-04 17:40:01,672 (WARNING) - django.request - Bad Request: /api/transcribe/it/
2023-09-04 17:40:02,103 (WARNING) - django.request - Bad Request: /api/transcribe/it/
2023-09-04 17:40:02,803 (WARNING) - django.request - Bad Request: /api/transcribe/it/
2023-09-04 17:40:03,771 (WARNING) - django.request - Bad Request: /api/transcribe/it/
2023-09-04 17:40:05,076 (WARNING) - django.request - Bad Request: /api/transcribe/it/
2023-09-04 17:40:05,449 (WARNING) - django.request - Bad Request: /api/transcribe/it/
2023-09-04 17:40:06,059 (WARNING) - django.request - Bad Request: /api/transcribe/it/
2023-09-04 17:40:06,460 (WARNING) - django.request - Bad Request: /api/transcribe/it/
2023-09-04 17:40:08,121 (WARNING) - django.request - Bad Request: /api/transcribe/it/
2023-09-04 17:40:08,121 (WARNING) - django.request - Bad Request: /api/transcribe/it/
2023-09-04 17:40:08,126 (WARNING) - django.request - Bad Request: /api/transcribe/it/
2023-09-04 17:40:08,129 (WARNING) - django.request - Bad Request: /api/transcribe/it/
2023-09-04 17:40:08,949 (WARNING) - django.request - Bad Request: /api/transcribe/it/
2023-09-04 17:40:09,680 (WARNING) - django.request - Bad Request: /api/transcribe/it/
2023-09-04 17:40:09,684 (WARNING) - django.request - Bad Request: /api/transcribe/it/
2023-09-04 17:40:10,004 (WARNING) - django.request - Bad Request: /api/transcribe/it/
2023-09-04 17:40:10,425 (WARNING) - django.request - Bad Request: /api/transcribe/it/
2023-09-04 17:40:11,030 (WARNING) - django.request - Bad Request: /api/transcribe/it/
2023-09-04 17:40:11,916 (WARNING) - django.request - Bad Request: /api/transcribe/it/
2023-09-04 18:03:24,042 (WARNING) - django.request - Bad Request: /api/transcribe/it/
2023-09-04 18:03:24,281 (WARNING) - django.request - Bad Request: /api/transcribe/it/
2023-09-04 18:03:24,735 (WARNING) - django.request - Bad Request: /api/transcribe/it/
2023-09-04 18:03:24,950 (WARNING) - django.request - Bad Request: /api/transcribe/it/
2023-09-04 18:03:25,358 (WARNING) - django.request - Bad Request: /api/transcribe/it/
2023-09-04 18:03:26,576 (WARNING) - django.request - Bad Request: /api/transcribe/it/
2023-09-04 18:03:27,250 (WARNING) - django.request - Bad Request: /api/transcribe/it/
2023-09-04 18:03:27,807 (WARNING) - django.request - Bad Request: /api/transcribe/it/
2023-09-04 18:03:28,207 (WARNING) - django.request - Bad Request: /api/transcribe/it/
2023-09-04 18:03:28,820 (WARNING) - django.request - Bad Request: /api/transcribe/it/
2023-09-04 18:03:29,840 (WARNING) - django.request - Bad Request: /api/transcribe/it/
2023-09-04 18:03:30,464 (WARNING) - django.request - Bad Request: /api/transcribe/it/
2023-09-04 18:03:30,466 (WARNING) - django.request - Bad Request: /api/transcribe/it/
2023-09-04 18:03:30,869 (WARNING) - django.request - Bad Request: /api/transcribe/it/
2023-09-04 18:03:31,070 (WARNING) - django.request - Bad Request: /api/transcribe/it/
2023-09-04 18:03:31,484 (WARNING) - django.request - Bad Request: /api/transcribe/it/
2023-09-04 18:04:13,535 (WARNING) - django.request - Bad Request: /api/upload/en/to/en
2023-09-04 18:04:42,008 (INFO) - django.utils.autoreload - Watching for file changes with StatReloader
2023-09-04 18:06:06,411 (WARNING) - django.request - Bad Request: /api/transcribe/it/
2023-09-04 18:06:06,709 (WARNING) - django.request - Bad Request: /api/transcribe/it/
2023-09-04 18:06:07,707 (WARNING) - django.request - Bad Request: /api/transcribe/it/
2023-09-04 18:06:08,916 (WARNING) - django.request - Bad Request: /api/transcribe/it/
2023-09-04 18:06:09,313 (WARNING) - django.request - Bad Request: /api/transcribe/it/
2023-09-04 18:06:09,521 (WARNING) - django.request - Bad Request: /api/transcribe/it/
2023-09-04 18:06:09,921 (WARNING) - django.request - Bad Request: /api/transcribe/it/
2023-09-04 18:06:10,523 (WARNING) - django.request - Bad Request: /api/transcribe/it/
2023-09-04 18:20:39,750 (WARNING) - django.request - Bad Request: /api/transcribe/ar/
2023-09-04 18:20:39,844 (WARNING) - django.request - Bad Request: /api/transcribe/ar/
2023-09-04 18:20:40,450 (WARNING) - django.request - Bad Request: /api/transcribe/ar/
2023-09-04 18:20:40,646 (WARNING) - django.request - Bad Request: /api/transcribe/ar/
2023-09-04 18:20:41,049 (WARNING) - django.request - Bad Request: /api/transcribe/ar/
2023-09-04 18:20:41,650 (WARNING) - django.request - Bad Request: /api/transcribe/ar/
2023-09-04 18:20:42,853 (WARNING) - django.request - Bad Request: /api/transcribe/ar/
2023-09-04 18:20:43,454 (WARNING) - django.request - Bad Request: /api/transcribe/ar/
2023-09-04 18:20:44,167 (WARNING) - django.request - Bad Request: /api/transcribe/ar/
2023-09-04 18:59:29,664 (WARNING) - django.request - Bad Request: /api/transcribe/it/
2023-09-04 18:59:29,774 (WARNING) - django.request - Bad Request: /api/transcribe/it/
2023-09-04 18:59:30,170 (WARNING) - django.request - Bad Request: /api/transcribe/it/
2023-09-04 19:01:06,253 (WARNING) - django.request - Bad Request: /api/transcribe/en/
2023-09-04 19:01:06,659 (WARNING) - django.request - Bad Request: /api/transcribe/en/
2023-09-04 19:05:23,428 (WARNING) - django.request - Bad Request: /api/upload/en/to/en
2023-09-05 18:46:15,281 (INFO) - django.utils.autoreload - Watching for file changes with StatReloader
2023-09-05 18:46:59,701 (WARNING) - django.request - Not Found: /favicon.ico
2023-09-05 18:53:02,471 (INFO) - django.utils.autoreload - Watching for file changes with StatReloader
2023-09-05 18:55:16,573 (WARNING) - django.request - Bad Request: /api/transcribe/es/
2023-09-05 18:55:16,866 (WARNING) - django.request - Bad Request: /api/transcribe/es/
2023-09-05 18:55:17,286 (WARNING) - django.request - Bad Request: /api/transcribe/es/
2023-09-05 18:55:17,502 (WARNING) - django.request - Bad Request: /api/transcribe/es/
2023-09-05 18:55:17,910 (WARNING) - django.request - Bad Request: /api/transcribe/es/
2023-09-05 18:55:19,166 (WARNING) - django.request - Bad Request: /api/transcribe/es/
2023-09-05 18:55:19,576 (WARNING) - django.request - Bad Request: /api/transcribe/es/
2023-09-05 18:55:20,178 (WARNING) - django.request - Bad Request: /api/transcribe/es/
2023-09-05 18:55:20,587 (WARNING) - django.request - Bad Request: /api/transcribe/es/
2023-09-05 18:55:21,214 (WARNING) - django.request - Bad Request: /api/transcribe/es/
2023-09-05 18:56:12,370 (WARNING) - django.request - Bad Request: /api/transcribe/en/
2023-09-05 18:56:12,478 (WARNING) - django.request - Bad Request: /api/transcribe/en/
2023-09-05 18:56:12,679 (WARNING) - django.request - Bad Request: /api/transcribe/en/
2023-09-05 18:56:12,884 (WARNING) - django.request - Bad Request: /api/transcribe/en/
2023-09-05 18:56:13,098 (WARNING) - django.request - Bad Request: /api/transcribe/en/
2023-09-05 18:56:13,530 (WARNING) - django.request - Bad Request: /api/transcribe/en/
2023-09-05 18:56:13,736 (WARNING) - django.request - Bad Request: /api/transcribe/en/
2023-09-05 18:56:14,148 (WARNING) - django.request - Bad Request: /api/transcribe/en/
2023-09-05 18:56:14,150 (WARNING) - django.request - Bad Request: /api/transcribe/en/
2023-09-05 18:56:14,961 (WARNING) - django.request - Bad Request: /api/transcribe/en/
2023-09-05 18:56:15,676 (WARNING) - django.request - Bad Request: /api/transcribe/en/
2023-09-05 18:56:15,792 (WARNING) - django.request - Bad Request: /api/transcribe/en/
2023-09-05 18:56:15,793 (WARNING) - django.request - Bad Request: /api/transcribe/en/
2023-09-05 18:56:16,398 (WARNING) - django.request - Bad Request: /api/transcribe/en/
2023-09-05 18:56:16,802 (WARNING) - django.request - Bad Request: /api/transcribe/en/
2023-09-05 18:56:17,015 (WARNING) - django.request - Bad Request: /api/transcribe/en/
2023-09-05 18:56:17,427 (WARNING) - django.request - Bad Request: /api/transcribe/en/
2023-09-05 18:56:17,428 (WARNING) - django.request - Bad Request: /api/transcribe/en/
2023-09-05 18:56:28,212 (WARNING) - django.request - Bad Request: /api/upload/en/to/en
2023-09-05 18:57:38,729 (INFO) - django.utils.autoreload - D:\AudioTranscribtion\AudioTranscribtion\settings\common.py changed, reloading.
2023-09-05 18:57:41,798 (INFO) - django.utils.autoreload - Watching for file changes with StatReloader
